2025-10-07 12:16:13 error: Lỗi validate coupon: Mã giảm giá không tồn tại hoặc không hoạt động
2025-10-07 12:16:13 error: Lỗi validate coupon: Mã giảm giá đã hết hạn hoặc không còn hiệu lực
2025-10-07 12:16:14 error: Lỗi validate coupon: Bạn đã sử dụng mã giảm giá này quá số lần cho phép
2025-10-07 12:16:14 error: Lỗi validate coupon: Mã giảm giá không áp dụng cho một số sản phẩm trong giỏ hàng
2025-10-07 12:16:14 error: Lỗi validate coupon: Mã giảm giá không áp dụng cho một số sản phẩm trong giỏ hàng
2025-10-07 12:26:35 error: Lỗi validate coupon: Mã giảm giá không tồn tại hoặc không hoạt động
2025-10-07 12:26:35 error: Lỗi validate coupon: Mã giảm giá đã hết hạn hoặc không còn hiệu lực
2025-10-07 12:26:35 error: Lỗi validate coupon: Bạn đã sử dụng mã giảm giá này quá số lần cho phép
2025-10-07 12:26:35 error: Lỗi validate coupon: Mã giảm giá không áp dụng cho một số sản phẩm trong giỏ hàng
2025-10-07 12:26:36 error: Lỗi validate coupon: Mã giảm giá không áp dụng cho một số sản phẩm trong giỏ hàng
2025-10-07 12:29:31 error: Lỗi validate coupon: Mã giảm giá không tồn tại hoặc không hoạt động
2025-10-07 12:29:31 error: Lỗi validate coupon: Mã giảm giá đã hết hạn hoặc không còn hiệu lực
2025-10-07 12:29:31 error: Lỗi validate coupon: Bạn đã sử dụng mã giảm giá này quá số lần cho phép
2025-10-07 12:29:31 error: Lỗi validate coupon: Mã giảm giá không áp dụng cho một số sản phẩm trong giỏ hàng
2025-10-07 12:29:32 error: Lỗi validate coupon: Mã giảm giá không áp dụng cho một số sản phẩm trong giỏ hàng
2025-10-07 12:35:56 error: Lỗi validate coupon: Mã giảm giá không tồn tại hoặc không hoạt động
2025-10-07 12:35:56 error: Lỗi validate coupon: Mã giảm giá đã hết hạn hoặc không còn hiệu lực
2025-10-07 12:35:56 error: Lỗi validate coupon: Bạn đã sử dụng mã giảm giá này quá số lần cho phép
2025-10-07 12:35:56 error: Lỗi validate coupon: Mã giảm giá không áp dụng cho một số sản phẩm trong giỏ hàng
2025-10-07 12:35:57 error: Lỗi validate coupon: Mã giảm giá không áp dụng cho một số sản phẩm trong giỏ hàng
2025-10-07 12:35:57 error: Lỗi validate coupon: Mã giảm giá không áp dụng cho sản phẩm trong giỏ hàng
2025-10-07 12:35:57 error: Lỗi validate coupon: Mã giảm giá không áp dụng cho sản phẩm trong giỏ hàng
2025-10-07 12:35:58 error: Lỗi validate coupon: Mã giảm giá không áp dụng cho một số danh mục sản phẩm trong giỏ hàng
